<?xml version="1.0" encoding="UTF-8"?>
<!-- Generated by org.testng.reporters.JUnitReportReporter -->
<testsuite hostname="DESKTOP-R44QD4T" failures="0" tests="1" name="Tutorial.ValidateTitleTest" time="0.047" errors="0" timestamp="2020-01-22T17:38:01 ART" skipped="0">
  <testcase classname="Tutorial.ValidateTitleTest" name="validateTitle" time="0.047"/>
</testsuite> <!-- Tutorial.ValidateTitleTest -->
