<?xml version="1.0" encoding="UTF-8"?>
<!-- Generated by org.testng.reporters.JUnitReportReporter -->
<testsuite hostname="DESKTOP-R44QD4T" failures="0" tests="1" name="Tutorial.ValidateNavigationBarTest" time="0.072" errors="0" timestamp="2020-01-22T17:38:01 ART" skipped="0">
  <testcase classname="Tutorial.ValidateNavigationBarTest" name="validateTitle" time="0.072"/>
</testsuite> <!-- Tutorial.ValidateNavigationBarTest -->
